Traceback (most recent call last):
  File "/home/users/dagnyr/bios270/BIOS270-AU25/Data/insert_protein_cluster_table.py", line 66, in <module>
    main()
  File "/home/users/dagnyr/bios270/BIOS270-AU25/Data/insert_protein_cluster_table.py", line 56, in main
    df = pd.read_csv(args.cluster_path, sep="\t", header=None)
  File "/usr/local/lib/python3.10/dist-packages/pandas/io/parsers/readers.py", line 1026, in read_csv
    return _read(filepath_or_buffer, kwds)
  File "/usr/local/lib/python3.10/dist-packages/pandas/io/parsers/readers.py", line 620, in _read
    parser = TextFileReader(filepath_or_buffer, **kwds)
  File "/usr/local/lib/python3.10/dist-packages/pandas/io/parsers/readers.py", line 1620, in __init__
    self._engine = self._make_engine(f, self.engine)
  File "/usr/local/lib/python3.10/dist-packages/pandas/io/parsers/readers.py", line 1880, in _make_engine
    self.handles = get_handle(
  File "/usr/local/lib/python3.10/dist-packages/pandas/io/common.py", line 873, in get_handle
    handle = open(
FileNotFoundError: [Errno 2] No such file or directory: '/farmshare/home/classes/bios/270/data/bacteria_supp/clusters_mmseqclust_id03_c08.tsv'
/home/users/dagnyr/bios270/BIOS270-AU25/Data/insert_metadata_table.py:91: FutureWarning: Passing literal json to 'read_json' is deprecated and will be removed in a future version. To read from a literal string, wrap it in a 'StringIO' object.
  df_assembly = pd.read_json(args.metadata_path, lines=True)
Traceback (most recent call last):
  File "/home/users/dagnyr/bios270/BIOS270-AU25/Data/insert_metadata_table.py", line 101, in <module>
    main()
  File "/home/users/dagnyr/bios270/BIOS270-AU25/Data/insert_metadata_table.py", line 91, in main
    df_assembly = pd.read_json(args.metadata_path, lines=True)
  File "/usr/local/lib/python3.10/dist-packages/pandas/io/json/_json.py", line 815, in read_json
    return json_reader.read()
  File "/usr/local/lib/python3.10/dist-packages/pandas/io/json/_json.py", line 1012, in read
    obj = self._get_object_parser(self._combine_lines(data_lines))
  File "/usr/local/lib/python3.10/dist-packages/pandas/io/json/_json.py", line 1040, in _get_object_parser
    obj = FrameParser(json, **kwargs).parse()
  File "/usr/local/lib/python3.10/dist-packages/pandas/io/json/_json.py", line 1176, in parse
    self._parse()
  File "/usr/local/lib/python3.10/dist-packages/pandas/io/json/_json.py", line 1392, in _parse
    ujson_loads(json, precise_float=self.precise_float), dtype=None
ValueError: Expected object or value
